2017-07-11 15:07:54,087 - Log4JLogChute initialized using file 'velocity.log'
2017-07-11 15:07:54,088 - Initializing Velocity, Calling init()...
2017-07-11 15:07:54,088 - Starting Apache Velocity v1.7 (compiled: 2010-11-19 12:14:37)
2017-07-11 15:07:54,088 - Default Properties File: org/apache/velocity/runtime/defaults/velocity.properties
2017-07-11 15:07:54,088 - Trying to use logger class org.apache.velocity.runtime.log.AvalonLogChute
2017-07-11 15:07:54,088 - Target log system for org.apache.velocity.runtime.log.AvalonLogChute is not available (java.lang.NoClassDefFoundError: org/apache/log/format/Formatter).  Falling back to next log system...
2017-07-11 15:07:54,088 - Trying to use logger class org.apache.velocity.runtime.log.Log4JLogChute
2017-07-11 15:07:54,088 - Using logger class org.apache.velocity.runtime.log.Log4JLogChute
2017-07-11 15:07:54,091 - ResourceLoader instantiated: org.apache.velocity.runtime.resource.loader.ClasspathResourceLoader
2017-07-11 15:07:54,108 - ResourceCache: initialized (class org.apache.velocity.runtime.resource.ResourceCacheImpl) with class java.util.Collections$SynchronizedMap cache map.
2017-07-11 15:07:54,110 - Loaded System Directive: org.apache.velocity.runtime.directive.Stop
2017-07-11 15:07:54,111 - Loaded System Directive: org.apache.velocity.runtime.directive.Define
2017-07-11 15:07:54,112 - Loaded System Directive: org.apache.velocity.runtime.directive.Break
2017-07-11 15:07:54,113 - Loaded System Directive: org.apache.velocity.runtime.directive.Evaluate
2017-07-11 15:07:54,113 - Loaded System Directive: org.apache.velocity.runtime.directive.Literal
2017-07-11 15:07:54,115 - Loaded System Directive: org.apache.velocity.runtime.directive.Macro
2017-07-11 15:07:54,117 - Loaded System Directive: org.apache.velocity.runtime.directive.Parse
2017-07-11 15:07:54,118 - Loaded System Directive: org.apache.velocity.runtime.directive.Include
2017-07-11 15:07:54,120 - Loaded System Directive: org.apache.velocity.runtime.directive.Foreach
2017-07-11 15:07:54,151 - Created '20' parsers.
2017-07-11 15:07:54,155 - Velocimacro : "velocimacro.library" is not set.  Trying default library: VM_global_library.vm
2017-07-11 15:07:54,155 - Could not load resource 'VM_global_library.vm' from ResourceLoader org.apache.velocity.runtime.resource.loader.ClasspathResourceLoader: ClasspathResourceLoader Error: cannot find resource VM_global_library.vm
2017-07-11 15:07:54,155 - Velocimacro : Default library not found.
2017-07-11 15:07:54,155 - Velocimacro : allowInline = true : VMs can be defined inline in templates
2017-07-11 15:07:54,155 - Velocimacro : allowInlineToOverride = false : VMs defined inline may NOT replace previous VM definitions
2017-07-11 15:07:54,155 - Velocimacro : allowInlineLocal = false : VMs defined inline will be global in scope if allowed.
2017-07-11 15:07:54,155 - Velocimacro : autoload off : VM system will not automatically reload global library macros
2017-07-11 15:07:54,163 - ResourceManager : found velocity/index.vm with loader org.apache.velocity.runtime.resource.loader.ClasspathResourceLoader
2017-07-11 15:08:47,677 - Log4JLogChute initialized using file 'velocity.log'
2017-07-11 15:08:47,677 - Initializing Velocity, Calling init()...
2017-07-11 15:08:47,677 - Starting Apache Velocity v1.7 (compiled: 2010-11-19 12:14:37)
2017-07-11 15:08:47,677 - Default Properties File: org/apache/velocity/runtime/defaults/velocity.properties
2017-07-11 15:08:47,677 - Trying to use logger class org.apache.velocity.runtime.log.AvalonLogChute
2017-07-11 15:08:47,677 - Target log system for org.apache.velocity.runtime.log.AvalonLogChute is not available (java.lang.NoClassDefFoundError: org/apache/log/format/Formatter).  Falling back to next log system...
2017-07-11 15:08:47,678 - Trying to use logger class org.apache.velocity.runtime.log.Log4JLogChute
2017-07-11 15:08:47,678 - Using logger class org.apache.velocity.runtime.log.Log4JLogChute
2017-07-11 15:08:47,678 - ResourceLoader instantiated: org.apache.velocity.runtime.resource.loader.ClasspathResourceLoader
2017-07-11 15:08:47,678 - ResourceCache: initialized (class org.apache.velocity.runtime.resource.ResourceCacheImpl) with class java.util.Collections$SynchronizedMap cache map.
2017-07-11 15:08:47,678 - Loaded System Directive: org.apache.velocity.runtime.directive.Stop
2017-07-11 15:08:47,678 - Loaded System Directive: org.apache.velocity.runtime.directive.Define
2017-07-11 15:08:47,679 - Loaded System Directive: org.apache.velocity.runtime.directive.Break
2017-07-11 15:08:47,679 - Loaded System Directive: org.apache.velocity.runtime.directive.Evaluate
2017-07-11 15:08:47,679 - Loaded System Directive: org.apache.velocity.runtime.directive.Literal
2017-07-11 15:08:47,679 - Loaded System Directive: org.apache.velocity.runtime.directive.Macro
2017-07-11 15:08:47,679 - Loaded System Directive: org.apache.velocity.runtime.directive.Parse
2017-07-11 15:08:47,679 - Loaded System Directive: org.apache.velocity.runtime.directive.Include
2017-07-11 15:08:47,679 - Loaded System Directive: org.apache.velocity.runtime.directive.Foreach
2017-07-11 15:08:47,680 - Created '20' parsers.
2017-07-11 15:08:47,680 - Velocimacro : "velocimacro.library" is not set.  Trying default library: VM_global_library.vm
2017-07-11 15:08:47,680 - Could not load resource 'VM_global_library.vm' from ResourceLoader org.apache.velocity.runtime.resource.loader.ClasspathResourceLoader: ClasspathResourceLoader Error: cannot find resource VM_global_library.vm
2017-07-11 15:08:47,680 - Velocimacro : Default library not found.
2017-07-11 15:08:47,680 - Velocimacro : allowInline = true : VMs can be defined inline in templates
2017-07-11 15:08:47,680 - Velocimacro : allowInlineToOverride = false : VMs defined inline may NOT replace previous VM definitions
2017-07-11 15:08:47,680 - Velocimacro : allowInlineLocal = false : VMs defined inline will be global in scope if allowed.
2017-07-11 15:08:47,680 - Velocimacro : autoload off : VM system will not automatically reload global library macros
2017-07-11 15:08:47,682 - ResourceManager : found velocity/index.vm with loader org.apache.velocity.runtime.resource.loader.ClasspathResourceLoader
2017-07-11 15:09:03,462 - Log4JLogChute initialized using file 'velocity.log'
2017-07-11 15:09:03,466 - Initializing Velocity, Calling init()...
2017-07-11 15:09:03,466 - Starting Apache Velocity v1.7 (compiled: 2010-11-19 12:14:37)
2017-07-11 15:09:03,466 - Default Properties File: org/apache/velocity/runtime/defaults/velocity.properties
2017-07-11 15:09:03,466 - Trying to use logger class org.apache.velocity.runtime.log.AvalonLogChute
2017-07-11 15:09:03,466 - Target log system for org.apache.velocity.runtime.log.AvalonLogChute is not available (java.lang.NoClassDefFoundError: org/apache/log/format/Formatter).  Falling back to next log system...
2017-07-11 15:09:03,466 - Trying to use logger class org.apache.velocity.runtime.log.Log4JLogChute
2017-07-11 15:09:03,466 - Using logger class org.apache.velocity.runtime.log.Log4JLogChute
2017-07-11 15:09:03,466 - ResourceLoader instantiated: org.apache.velocity.runtime.resource.loader.ClasspathResourceLoader
2017-07-11 15:09:03,466 - ResourceCache: initialized (class org.apache.velocity.runtime.resource.ResourceCacheImpl) with class java.util.Collections$SynchronizedMap cache map.
2017-07-11 15:09:03,467 - Loaded System Directive: org.apache.velocity.runtime.directive.Stop
2017-07-11 15:09:03,467 - Loaded System Directive: org.apache.velocity.runtime.directive.Define
2017-07-11 15:09:03,467 - Loaded System Directive: org.apache.velocity.runtime.directive.Break
2017-07-11 15:09:03,467 - Loaded System Directive: org.apache.velocity.runtime.directive.Evaluate
2017-07-11 15:09:03,467 - Loaded System Directive: org.apache.velocity.runtime.directive.Literal
2017-07-11 15:09:03,467 - Loaded System Directive: org.apache.velocity.runtime.directive.Macro
2017-07-11 15:09:03,467 - Loaded System Directive: org.apache.velocity.runtime.directive.Parse
2017-07-11 15:09:03,467 - Loaded System Directive: org.apache.velocity.runtime.directive.Include
2017-07-11 15:09:03,467 - Loaded System Directive: org.apache.velocity.runtime.directive.Foreach
2017-07-11 15:09:03,468 - Created '20' parsers.
2017-07-11 15:09:03,468 - Velocimacro : "velocimacro.library" is not set.  Trying default library: VM_global_library.vm
2017-07-11 15:09:03,468 - Could not load resource 'VM_global_library.vm' from ResourceLoader org.apache.velocity.runtime.resource.loader.ClasspathResourceLoader: ClasspathResourceLoader Error: cannot find resource VM_global_library.vm
2017-07-11 15:09:03,468 - Velocimacro : Default library not found.
2017-07-11 15:09:03,468 - Velocimacro : allowInline = true : VMs can be defined inline in templates
2017-07-11 15:09:03,468 - Velocimacro : allowInlineToOverride = false : VMs defined inline may NOT replace previous VM definitions
2017-07-11 15:09:03,468 - Velocimacro : allowInlineLocal = false : VMs defined inline will be global in scope if allowed.
2017-07-11 15:09:03,468 - Velocimacro : autoload off : VM system will not automatically reload global library macros
2017-07-11 15:09:03,470 - ResourceManager : found velocity/index.vm with loader org.apache.velocity.runtime.resource.loader.ClasspathResourceLoader
2017-07-11 15:10:35,361 - Log4JLogChute initialized using file 'velocity.log'
2017-07-11 15:10:35,361 - Initializing Velocity, Calling init()...
2017-07-11 15:10:35,361 - Starting Apache Velocity v1.7 (compiled: 2010-11-19 12:14:37)
2017-07-11 15:10:35,361 - Default Properties File: org/apache/velocity/runtime/defaults/velocity.properties
2017-07-11 15:10:35,361 - Trying to use logger class org.apache.velocity.runtime.log.AvalonLogChute
2017-07-11 15:10:35,361 - Target log system for org.apache.velocity.runtime.log.AvalonLogChute is not available (java.lang.NoClassDefFoundError: org/apache/log/format/Formatter).  Falling back to next log system...
2017-07-11 15:10:35,361 - Trying to use logger class org.apache.velocity.runtime.log.Log4JLogChute
2017-07-11 15:10:35,361 - Using logger class org.apache.velocity.runtime.log.Log4JLogChute
2017-07-11 15:10:35,367 - ResourceLoader instantiated: org.apache.velocity.runtime.resource.loader.ClasspathResourceLoader
2017-07-11 15:10:35,377 - ResourceCache: initialized (class org.apache.velocity.runtime.resource.ResourceCacheImpl) with class java.util.Collections$SynchronizedMap cache map.
2017-07-11 15:10:35,378 - Loaded System Directive: org.apache.velocity.runtime.directive.Stop
2017-07-11 15:10:35,379 - Loaded System Directive: org.apache.velocity.runtime.directive.Define
2017-07-11 15:10:35,380 - Loaded System Directive: org.apache.velocity.runtime.directive.Break
2017-07-11 15:10:35,380 - Loaded System Directive: org.apache.velocity.runtime.directive.Evaluate
2017-07-11 15:10:35,381 - Loaded System Directive: org.apache.velocity.runtime.directive.Literal
2017-07-11 15:10:35,382 - Loaded System Directive: org.apache.velocity.runtime.directive.Macro
2017-07-11 15:10:35,383 - Loaded System Directive: org.apache.velocity.runtime.directive.Parse
2017-07-11 15:10:35,383 - Loaded System Directive: org.apache.velocity.runtime.directive.Include
2017-07-11 15:10:35,384 - Loaded System Directive: org.apache.velocity.runtime.directive.Foreach
2017-07-11 15:10:35,411 - Created '20' parsers.
2017-07-11 15:10:35,416 - Velocimacro : "velocimacro.library" is not set.  Trying default library: VM_global_library.vm
2017-07-11 15:10:35,416 - Could not load resource 'VM_global_library.vm' from ResourceLoader org.apache.velocity.runtime.resource.loader.ClasspathResourceLoader: ClasspathResourceLoader Error: cannot find resource VM_global_library.vm
2017-07-11 15:10:35,416 - Velocimacro : Default library not found.
2017-07-11 15:10:35,416 - Velocimacro : allowInline = true : VMs can be defined inline in templates
2017-07-11 15:10:35,416 - Velocimacro : allowInlineToOverride = false : VMs defined inline may NOT replace previous VM definitions
2017-07-11 15:10:35,416 - Velocimacro : allowInlineLocal = false : VMs defined inline will be global in scope if allowed.
2017-07-11 15:10:35,416 - Velocimacro : autoload off : VM system will not automatically reload global library macros
2017-07-11 15:10:35,423 - ResourceManager : found velocity/index.vm with loader org.apache.velocity.runtime.resource.loader.ClasspathResourceLoader
2017-07-11 15:11:34,943 - Log4JLogChute initialized using file 'velocity.log'
2017-07-11 15:11:34,944 - Initializing Velocity, Calling init()...
2017-07-11 15:11:34,944 - Starting Apache Velocity v1.7 (compiled: 2010-11-19 12:14:37)
2017-07-11 15:11:34,944 - Default Properties File: org/apache/velocity/runtime/defaults/velocity.properties
2017-07-11 15:11:34,944 - Trying to use logger class org.apache.velocity.runtime.log.AvalonLogChute
2017-07-11 15:11:34,944 - Target log system for org.apache.velocity.runtime.log.AvalonLogChute is not available (java.lang.NoClassDefFoundError: org/apache/log/format/Formatter).  Falling back to next log system...
2017-07-11 15:11:34,944 - Trying to use logger class org.apache.velocity.runtime.log.Log4JLogChute
2017-07-11 15:11:34,944 - Using logger class org.apache.velocity.runtime.log.Log4JLogChute
2017-07-11 15:11:34,946 - ResourceLoader instantiated: org.apache.velocity.runtime.resource.loader.ClasspathResourceLoader
2017-07-11 15:11:34,953 - ResourceCache: initialized (class org.apache.velocity.runtime.resource.ResourceCacheImpl) with class java.util.Collections$SynchronizedMap cache map.
2017-07-11 15:11:34,955 - Loaded System Directive: org.apache.velocity.runtime.directive.Stop
2017-07-11 15:11:34,955 - Loaded System Directive: org.apache.velocity.runtime.directive.Define
2017-07-11 15:11:34,956 - Loaded System Directive: org.apache.velocity.runtime.directive.Break
2017-07-11 15:11:34,956 - Loaded System Directive: org.apache.velocity.runtime.directive.Evaluate
2017-07-11 15:11:34,956 - Loaded System Directive: org.apache.velocity.runtime.directive.Literal
2017-07-11 15:11:34,957 - Loaded System Directive: org.apache.velocity.runtime.directive.Macro
2017-07-11 15:11:34,958 - Loaded System Directive: org.apache.velocity.runtime.directive.Parse
2017-07-11 15:11:34,959 - Loaded System Directive: org.apache.velocity.runtime.directive.Include
2017-07-11 15:11:34,960 - Loaded System Directive: org.apache.velocity.runtime.directive.Foreach
2017-07-11 15:11:34,986 - Created '20' parsers.
2017-07-11 15:11:34,990 - Velocimacro : "velocimacro.library" is not set.  Trying default library: VM_global_library.vm
2017-07-11 15:11:34,990 - Could not load resource 'VM_global_library.vm' from ResourceLoader org.apache.velocity.runtime.resource.loader.ClasspathResourceLoader: ClasspathResourceLoader Error: cannot find resource VM_global_library.vm
2017-07-11 15:11:34,990 - Velocimacro : Default library not found.
2017-07-11 15:11:34,990 - Velocimacro : allowInline = true : VMs can be defined inline in templates
2017-07-11 15:11:34,990 - Velocimacro : allowInlineToOverride = false : VMs defined inline may NOT replace previous VM definitions
2017-07-11 15:11:34,990 - Velocimacro : allowInlineLocal = false : VMs defined inline will be global in scope if allowed.
2017-07-11 15:11:34,990 - Velocimacro : autoload off : VM system will not automatically reload global library macros
2017-07-11 15:11:34,995 - ResourceManager : found velocity/index.vm with loader org.apache.velocity.runtime.resource.loader.ClasspathResourceLoader
2017-07-11 15:13:19,912 - Log4JLogChute initialized using file 'velocity.log'
2017-07-11 15:13:19,913 - Initializing Velocity, Calling init()...
2017-07-11 15:13:19,913 - Starting Apache Velocity v1.7 (compiled: 2010-11-19 12:14:37)
2017-07-11 15:13:19,913 - Default Properties File: org/apache/velocity/runtime/defaults/velocity.properties
2017-07-11 15:13:19,913 - Trying to use logger class org.apache.velocity.runtime.log.AvalonLogChute
2017-07-11 15:13:19,913 - Target log system for org.apache.velocity.runtime.log.AvalonLogChute is not available (java.lang.NoClassDefFoundError: org/apache/log/format/Formatter).  Falling back to next log system...
2017-07-11 15:13:19,913 - Trying to use logger class org.apache.velocity.runtime.log.Log4JLogChute
2017-07-11 15:13:19,913 - Using logger class org.apache.velocity.runtime.log.Log4JLogChute
2017-07-11 15:13:19,918 - ResourceLoader instantiated: org.apache.velocity.runtime.resource.loader.ClasspathResourceLoader
2017-07-11 15:13:19,929 - ResourceCache: initialized (class org.apache.velocity.runtime.resource.ResourceCacheImpl) with class java.util.Collections$SynchronizedMap cache map.
2017-07-11 15:13:19,931 - Loaded System Directive: org.apache.velocity.runtime.directive.Stop
2017-07-11 15:13:19,932 - Loaded System Directive: org.apache.velocity.runtime.directive.Define
2017-07-11 15:13:19,933 - Loaded System Directive: org.apache.velocity.runtime.directive.Break
2017-07-11 15:13:19,934 - Loaded System Directive: org.apache.velocity.runtime.directive.Evaluate
2017-07-11 15:13:19,935 - Loaded System Directive: org.apache.velocity.runtime.directive.Literal
2017-07-11 15:13:19,937 - Loaded System Directive: org.apache.velocity.runtime.directive.Macro
2017-07-11 15:13:19,938 - Loaded System Directive: org.apache.velocity.runtime.directive.Parse
2017-07-11 15:13:19,939 - Loaded System Directive: org.apache.velocity.runtime.directive.Include
2017-07-11 15:13:19,941 - Loaded System Directive: org.apache.velocity.runtime.directive.Foreach
2017-07-11 15:13:19,974 - Created '20' parsers.
2017-07-11 15:13:19,980 - Velocimacro : "velocimacro.library" is not set.  Trying default library: VM_global_library.vm
2017-07-11 15:13:19,980 - Could not load resource 'VM_global_library.vm' from ResourceLoader org.apache.velocity.runtime.resource.loader.ClasspathResourceLoader: ClasspathResourceLoader Error: cannot find resource VM_global_library.vm
2017-07-11 15:13:19,980 - Velocimacro : Default library not found.
2017-07-11 15:13:19,980 - Velocimacro : allowInline = true : VMs can be defined inline in templates
2017-07-11 15:13:19,980 - Velocimacro : allowInlineToOverride = false : VMs defined inline may NOT replace previous VM definitions
2017-07-11 15:13:19,980 - Velocimacro : allowInlineLocal = false : VMs defined inline will be global in scope if allowed.
2017-07-11 15:13:19,980 - Velocimacro : autoload off : VM system will not automatically reload global library macros
2017-07-11 15:13:19,989 - ResourceManager : found velocity/index.vm with loader org.apache.velocity.runtime.resource.loader.ClasspathResourceLoader
2017-07-11 15:22:13,006 - Log4JLogChute initialized using file 'velocity.log'
2017-07-11 15:22:13,007 - Initializing Velocity, Calling init()...
2017-07-11 15:22:13,007 - Starting Apache Velocity v1.7 (compiled: 2010-11-19 12:14:37)
2017-07-11 15:22:13,007 - Default Properties File: org/apache/velocity/runtime/defaults/velocity.properties
2017-07-11 15:22:13,007 - Trying to use logger class org.apache.velocity.runtime.log.AvalonLogChute
2017-07-11 15:22:13,007 - Target log system for org.apache.velocity.runtime.log.AvalonLogChute is not available (java.lang.NoClassDefFoundError: org/apache/log/format/Formatter).  Falling back to next log system...
2017-07-11 15:22:13,007 - Trying to use logger class org.apache.velocity.runtime.log.Log4JLogChute
2017-07-11 15:22:13,007 - Using logger class org.apache.velocity.runtime.log.Log4JLogChute
2017-07-11 15:22:13,010 - ResourceLoader instantiated: org.apache.velocity.runtime.resource.loader.ClasspathResourceLoader
2017-07-11 15:22:13,028 - ResourceCache: initialized (class org.apache.velocity.runtime.resource.ResourceCacheImpl) with class java.util.Collections$SynchronizedMap cache map.
2017-07-11 15:22:13,030 - Loaded System Directive: org.apache.velocity.runtime.directive.Stop
2017-07-11 15:22:13,031 - Loaded System Directive: org.apache.velocity.runtime.directive.Define
2017-07-11 15:22:13,032 - Loaded System Directive: org.apache.velocity.runtime.directive.Break
2017-07-11 15:22:13,033 - Loaded System Directive: org.apache.velocity.runtime.directive.Evaluate
2017-07-11 15:22:13,034 - Loaded System Directive: org.apache.velocity.runtime.directive.Literal
2017-07-11 15:22:13,036 - Loaded System Directive: org.apache.velocity.runtime.directive.Macro
2017-07-11 15:22:13,038 - Loaded System Directive: org.apache.velocity.runtime.directive.Parse
2017-07-11 15:22:13,039 - Loaded System Directive: org.apache.velocity.runtime.directive.Include
2017-07-11 15:22:13,040 - Loaded System Directive: org.apache.velocity.runtime.directive.Foreach
2017-07-11 15:22:13,072 - Created '20' parsers.
2017-07-11 15:22:13,076 - Velocimacro : "velocimacro.library" is not set.  Trying default library: VM_global_library.vm
2017-07-11 15:22:13,076 - Could not load resource 'VM_global_library.vm' from ResourceLoader org.apache.velocity.runtime.resource.loader.ClasspathResourceLoader: ClasspathResourceLoader Error: cannot find resource VM_global_library.vm
2017-07-11 15:22:13,076 - Velocimacro : Default library not found.
2017-07-11 15:22:13,076 - Velocimacro : allowInline = true : VMs can be defined inline in templates
2017-07-11 15:22:13,077 - Velocimacro : allowInlineToOverride = false : VMs defined inline may NOT replace previous VM definitions
2017-07-11 15:22:13,077 - Velocimacro : allowInlineLocal = false : VMs defined inline will be global in scope if allowed.
2017-07-11 15:22:13,077 - Velocimacro : autoload off : VM system will not automatically reload global library macros
2017-07-11 15:22:13,084 - ResourceManager : found velocity/index.vm with loader org.apache.velocity.runtime.resource.loader.ClasspathResourceLoader
